[debug] [2018-11-30T03:25:11.065Z] ----------------------------------------------------------------------
[debug] [2018-11-30T03:25:11.068Z] Command:       /Users/dbrowne/.nvm/versions/node/v10.13.0/bin/node /Users/dbrowne/.nvm/versions/node/v10.13.0/bin/firebase deploy
[debug] [2018-11-30T03:25:11.068Z] CLI Version:   6.1.1
[debug] [2018-11-30T03:25:11.068Z] Platform:      darwin
[debug] [2018-11-30T03:25:11.068Z] Node Version:  v10.13.0
[debug] [2018-11-30T03:25:11.069Z] Time:          Fri Nov 30 2018 03:25:11 GMT+0000 (Greenwich Mean Time)
[debug] [2018-11-30T03:25:11.069Z] ----------------------------------------------------------------------
[debug] 
[debug] [2018-11-30T03:25:11.080Z] > command requires scopes: ["email","openid","https://www.googleapis.com/auth/cloudplatformprojects.readonly","https://www.googleapis.com/auth/firebase","https://www.googleapis.com/auth/cloud-platform"]
[debug] [2018-11-30T03:25:11.081Z] > authorizing via signed-in user
[debug] [2018-11-30T03:25:11.081Z] [iam] checking project brownes2018-wedding for permissions ["firebase.projects.get","firebasehosting.sites.update"]
[debug] [2018-11-30T03:25:11.083Z] >>> HTTP REQUEST POST https://cloudresourcemanager.googleapis.com/v1/projects/brownes2018-wedding:testIamPermissions  

[debug] [2018-11-30T03:25:12.032Z] <<< HTTP RESPONSE 200
[debug] [2018-11-30T03:25:12.035Z] >>> HTTP REQUEST GET https://firebase.googleapis.com/v1beta1/projects/brownes2018-wedding  
 
[debug] [2018-11-30T03:25:12.340Z] <<< HTTP RESPONSE 200
[info] 
[info] === Deploying to 'brownes2018-wedding'...
[info] 
[info] i  deploying hosting
[debug] [2018-11-30T03:25:12.346Z] >>> HTTP REQUEST POST https://firebasehosting.googleapis.com/v1beta1/sites/brownes2018-wedding/versions  

